2025-05-16 12:55:07,856 - INFO - Found 50 paste IDs from the archive
2025-05-16 12:55:07,856 - INFO - Processing paste 1/50: fHftRWZk
2025-05-16 12:55:10,322 - INFO - No keywords found in paste fHftRWZk
2025-05-16 12:55:10,324 - INFO - Processing paste 2/50: 5ETHspZM
2025-05-16 12:55:13,182 - INFO - No keywords found in paste 5ETHspZM
2025-05-16 12:55:13,182 - INFO - Processing paste 3/50: 8UXgr8a3
2025-05-16 12:55:16,451 - INFO - Saved match for paste 8UXgr8a3 with keywords: ['token']
2025-05-16 12:55:16,451 - INFO - Processing paste 4/50: wqEatCa3
2025-05-16 12:55:19,720 - INFO - No keywords found in paste wqEatCa3
2025-05-16 12:55:19,720 - INFO - Processing paste 5/50: fr4cdWdn
2025-05-16 12:55:22,132 - INFO - No keywords found in paste fr4cdWdn
2025-05-16 12:55:22,136 - INFO - Processing paste 6/50: 4GTFMivC
2025-05-16 12:55:26,049 - INFO - No keywords found in paste 4GTFMivC
2025-05-16 12:55:26,051 - INFO - Processing paste 7/50: rUYWNycz
2025-05-16 12:55:28,665 - INFO - No keywords found in paste rUYWNycz
2025-05-16 12:55:28,665 - INFO - Processing paste 8/50: j25H2jdC
2025-05-16 12:55:32,117 - INFO - No keywords found in paste j25H2jdC
2025-05-16 12:55:32,117 - INFO - Processing paste 9/50: PAF7k2aP
2025-05-16 12:55:34,973 - INFO - No keywords found in paste PAF7k2aP
2025-05-16 12:55:34,973 - INFO - Processing paste 10/50: gvZgHQb7
2025-05-16 12:55:38,854 - INFO - No keywords found in paste gvZgHQb7
2025-05-16 12:55:38,854 - INFO - Processing paste 11/50: qJrmTaFL
2025-05-16 12:55:43,063 - INFO - No keywords found in paste qJrmTaFL
2025-05-16 12:55:43,063 - INFO - Processing paste 12/50: CZtTfgby
2025-05-16 12:55:45,970 - INFO - Saved match for paste CZtTfgby with keywords: ['t.me']
2025-05-16 12:55:45,970 - INFO - Processing paste 13/50: Zw0em82f
2025-05-16 12:55:49,231 - INFO - No keywords found in paste Zw0em82f
2025-05-16 12:55:49,231 - INFO - Processing paste 14/50: 74pDqtMZ
2025-05-16 12:55:51,461 - INFO - No keywords found in paste 74pDqtMZ
2025-05-16 12:55:51,461 - INFO - Processing paste 15/50: ry4YndGM
2025-05-16 12:55:53,611 - INFO - No keywords found in paste ry4YndGM
2025-05-16 12:55:53,612 - INFO - Processing paste 16/50: BrhkTDns
2025-05-16 12:55:58,087 - INFO - No keywords found in paste BrhkTDns
2025-05-16 12:55:58,087 - INFO - Processing paste 17/50: f9tYYHjr
2025-05-16 12:56:01,207 - INFO - No keywords found in paste f9tYYHjr
2025-05-16 12:56:01,207 - INFO - Processing paste 18/50: PxUx6V4g
2025-05-16 12:56:03,536 - INFO - No keywords found in paste PxUx6V4g
2025-05-16 12:56:03,536 - INFO - Processing paste 19/50: etihbnUm
2025-05-16 12:56:06,114 - INFO - No keywords found in paste etihbnUm
2025-05-16 12:56:06,114 - INFO - Processing paste 20/50: FuVmXrWF
2025-05-16 12:56:09,376 - INFO - No keywords found in paste FuVmXrWF
2025-05-16 12:56:09,376 - INFO - Processing paste 21/50: sCh9aRgn
2025-05-16 12:56:12,024 - INFO - No keywords found in paste sCh9aRgn
2025-05-16 12:56:12,024 - INFO - Processing paste 22/50: nsvsyabN
2025-05-16 12:56:14,810 - INFO - No keywords found in paste nsvsyabN
2025-05-16 12:56:14,810 - INFO - Processing paste 23/50: aLmTANcW
2025-05-16 12:56:16,768 - INFO - No keywords found in paste aLmTANcW
2025-05-16 12:56:16,768 - INFO - Processing paste 24/50: vztexL8R
2025-05-16 12:56:18,927 - INFO - No keywords found in paste vztexL8R
2025-05-16 12:56:18,927 - INFO - Processing paste 25/50: TeqtzCRv
2025-05-16 12:56:22,212 - INFO - No keywords found in paste TeqtzCRv
2025-05-16 12:56:22,212 - INFO - Processing paste 26/50: qJLReKSe
2025-05-16 12:56:25,533 - INFO - No keywords found in paste qJLReKSe
2025-05-16 12:56:25,533 - INFO - Processing paste 27/50: JQfpQmpV
2025-05-16 12:56:28,907 - INFO - No keywords found in paste JQfpQmpV
2025-05-16 12:56:28,907 - INFO - Processing paste 28/50: RgJ8DJmd
2025-05-16 12:56:32,096 - INFO - No keywords found in paste RgJ8DJmd
2025-05-16 12:56:32,096 - INFO - Processing paste 29/50: jdi6hxhF
2025-05-16 12:56:35,090 - INFO - No keywords found in paste jdi6hxhF
2025-05-16 12:56:35,092 - INFO - Processing paste 30/50: BEKjT5uE
2025-05-16 12:56:37,360 - INFO - No keywords found in paste BEKjT5uE
2025-05-16 12:56:37,360 - INFO - Processing paste 31/50: ksWE7jhM
2025-05-16 12:56:40,210 - INFO - No keywords found in paste ksWE7jhM
2025-05-16 12:56:40,210 - INFO - Processing paste 32/50: xeBUiyb4
2025-05-16 12:56:43,731 - INFO - No keywords found in paste xeBUiyb4
2025-05-16 12:56:43,731 - INFO - Processing paste 33/50: 8GXwVQCU
2025-05-16 12:56:45,455 - INFO - No keywords found in paste 8GXwVQCU
2025-05-16 12:56:45,455 - INFO - Processing paste 34/50: f2ZhSVC2
2025-05-16 12:56:49,015 - INFO - No keywords found in paste f2ZhSVC2
2025-05-16 12:56:49,015 - INFO - Processing paste 35/50: JpckVMBV
2025-05-16 12:56:52,315 - INFO - No keywords found in paste JpckVMBV
2025-05-16 12:56:52,315 - INFO - Processing paste 36/50: JhYSfhVg
2025-05-16 12:56:55,275 - INFO - No keywords found in paste JhYSfhVg
2025-05-16 12:56:55,275 - INFO - Processing paste 37/50: m5geESp0
2025-05-16 12:56:57,056 - INFO - No keywords found in paste m5geESp0
2025-05-16 12:56:57,056 - INFO - Processing paste 38/50: 0hibMWLd
2025-05-16 12:57:00,608 - INFO - No keywords found in paste 0hibMWLd
2025-05-16 12:57:00,608 - INFO - Processing paste 39/50: 017KDz0Z
2025-05-16 12:57:04,391 - INFO - No keywords found in paste 017KDz0Z
2025-05-16 12:57:04,391 - INFO - Processing paste 40/50: ALdx09Cm
2025-05-16 12:57:06,162 - INFO - No keywords found in paste ALdx09Cm
2025-05-16 12:57:06,162 - INFO - Processing paste 41/50: 3LCH21wE
2025-05-16 12:57:09,838 - INFO - No keywords found in paste 3LCH21wE
2025-05-16 12:57:09,838 - INFO - Processing paste 42/50: jUMZ9zDT
2025-05-16 12:57:13,574 - INFO - No keywords found in paste jUMZ9zDT
2025-05-16 12:57:13,574 - INFO - Processing paste 43/50: Tu8A2UpV
2025-05-16 12:57:16,343 - INFO - Saved match for paste Tu8A2UpV with keywords: ['t.me']
2025-05-16 12:57:16,345 - INFO - Processing paste 44/50: whyhGtC6
2025-05-16 12:57:19,922 - INFO - No keywords found in paste whyhGtC6
2025-05-16 12:57:19,924 - INFO - Processing paste 45/50: mcrhqDy0
2025-05-16 12:57:23,665 - INFO - No keywords found in paste mcrhqDy0
2025-05-16 12:57:23,665 - INFO - Processing paste 46/50: ib39XSug
2025-05-16 12:57:27,617 - INFO - No keywords found in paste ib39XSug
2025-05-16 12:57:27,617 - INFO - Processing paste 47/50: 3Tq3sE2b
2025-05-16 12:57:30,408 - INFO - No keywords found in paste 3Tq3sE2b
2025-05-16 12:57:30,408 - INFO - Processing paste 48/50: bCu8VCUV
2025-05-16 12:57:32,118 - INFO - No keywords found in paste bCu8VCUV
2025-05-16 12:57:32,118 - INFO - Processing paste 49/50: 7K4F4u1C
2025-05-16 12:57:35,348 - INFO - No keywords found in paste 7K4F4u1C
2025-05-16 12:57:35,349 - INFO - Processing paste 50/50: NLJSaZXE
2025-05-16 12:57:38,317 - INFO - No keywords found in paste NLJSaZXE
2025-05-16 12:57:38,317 - INFO - Crawler completed. Found 3 matching pastes out of 50
